[debug] [2025-11-01T14:30:12.007Z] ----------------------------------------------------------------------
[debug] [2025-11-01T14:30:12.009Z] Command:       /Users/doug/.nvm/versions/node/v20.19.5/bin/node /Users/doug/.nvm/versions/node/v20.19.5/bin/firebase deploy --only functions
[debug] [2025-11-01T14:30:12.009Z] CLI Version:   14.23.0
[debug] [2025-11-01T14:30:12.009Z] Platform:      darwin
[debug] [2025-11-01T14:30:12.009Z] Node Version:  v20.19.5
[debug] [2025-11-01T14:30:12.009Z] Time:          Sat Nov 01 2025 09:30:12 GMT-0500 (Central Daylight Time)
[debug] [2025-11-01T14:30:12.009Z] ----------------------------------------------------------------------
[debug] 
[debug] [2025-11-01T14:30:12.116Z] > command requires scopes: ["email","openid","https://www.googleapis.com/auth/cloudplatformprojects.readonly","https://www.googleapis.com/auth/firebase","https://www.googleapis.com/auth/cloud-platform"]
[debug] [2025-11-01T14:30:12.116Z] > authorizing via signed-in user (thebusychristianapp@gmail.com)
[debug] [2025-11-01T14:30:12.116Z] [iam] checking project thebusychristian-app for permissions ["cloudfunctions.functions.create","cloudfunctions.functions.delete","cloudfunctions.functions.get","cloudfunctions.functions.list","cloudfunctions.functions.update","cloudfunctions.operations.get","firebase.projects.get"]
[debug] [2025-11-01T14:30:12.117Z] Checked if tokens are valid: false, expires at: 1761956026397
[debug] [2025-11-01T14:30:12.117Z] Checked if tokens are valid: false, expires at: 1761956026397
[debug] [2025-11-01T14:30:12.117Z] > refreshing access token with scopes: []
[debug] [2025-11-01T14:30:12.118Z] >>> [apiv2][query] POST https://www.googleapis.com/oauth2/v3/token [none]
[debug] [2025-11-01T14:30:12.118Z] >>> [apiv2][body] POST https://www.googleapis.com/oauth2/v3/token [omitted]
[debug] [2025-11-01T14:30:12.447Z] <<< [apiv2][status] POST https://www.googleapis.com/oauth2/v3/token 200
[debug] [2025-11-01T14:30:12.447Z] <<< [apiv2][body] POST https://www.googleapis.com/oauth2/v3/token [omitted]
[debug] [2025-11-01T14:30:12.458Z] >>> [apiv2][query] POST https://cloudresourcemanager.googleapis.com/v1/projects/thebusychristian-app:testIamPermissions [none]
[debug] [2025-11-01T14:30:12.458Z] >>> [apiv2][(partial)header] POST https://cloudresourcemanager.googleapis.com/v1/projects/thebusychristian-app:testIamPermissions x-goog-quota-user=projects/thebusychristian-app
[debug] [2025-11-01T14:30:12.458Z] >>> [apiv2][body] POST https://cloudresourcemanager.googleapis.com/v1/projects/thebusychristian-app:testIamPermissions {"permissions":["cloudfunctions.functions.create","cloudfunctions.functions.delete","cloudfunctions.functions.get","cloudfunctions.functions.list","cloudfunctions.functions.update","cloudfunctions.operations.get","firebase.projects.get"]}
[debug] [2025-11-01T14:30:12.842Z] <<< [apiv2][status] POST https://cloudresourcemanager.googleapis.com/v1/projects/thebusychristian-app:testIamPermissions 200
[debug] [2025-11-01T14:30:12.842Z] <<< [apiv2][body] POST https://cloudresourcemanager.googleapis.com/v1/projects/thebusychristian-app:testIamPermissions {"permissions":["cloudfunctions.functions.create","cloudfunctions.functions.delete","cloudfunctions.functions.get","cloudfunctions.functions.list","cloudfunctions.functions.update","cloudfunctions.operations.get","firebase.projects.get"]}
[debug] [2025-11-01T14:30:12.842Z] Checked if tokens are valid: true, expires at: 1762011011448
[debug] [2025-11-01T14:30:12.842Z] Checked if tokens are valid: true, expires at: 1762011011448
[debug] [2025-11-01T14:30:12.842Z] >>> [apiv2][query] POST https://iam.googleapis.com/v1/projects/thebusychristian-app/serviceAccounts/thebusychristian-app@appspot.gserviceaccount.com:testIamPermissions [none]
[debug] [2025-11-01T14:30:12.842Z] >>> [apiv2][body] POST https://iam.googleapis.com/v1/projects/thebusychristian-app/serviceAccounts/thebusychristian-app@appspot.gserviceaccount.com:testIamPermissions {"permissions":["iam.serviceAccounts.actAs"]}
[debug] [2025-11-01T14:30:13.171Z] <<< [apiv2][status] POST https://iam.googleapis.com/v1/projects/thebusychristian-app/serviceAccounts/thebusychristian-app@appspot.gserviceaccount.com:testIamPermissions 200
[debug] [2025-11-01T14:30:13.171Z] <<< [apiv2][body] POST https://iam.googleapis.com/v1/projects/thebusychristian-app/serviceAccounts/thebusychristian-app@appspot.gserviceaccount.com:testIamPermissions {"permissions":["iam.serviceAccounts.actAs"]}
[info] 
[info] === Deploying to 'thebusychristian-app'...
[info] 
[info] i  deploying functions 
[info] Running command: npm --prefix "$RESOURCE_DIR" run lint
[info] Running command: npm --prefix "$RESOURCE_DIR" run build
[info] ✔  functions: Finished running predeploy script. 
[debug] [2025-11-01T14:30:15.775Z] Checked if tokens are valid: true, expires at: 1762011011448
[debug] [2025-11-01T14:30:15.775Z] Checked if tokens are valid: true, expires at: 1762011011448
[debug] [2025-11-01T14:30:15.775Z] >>> [apiv2][query] GET https://cloudresourcemanager.googleapis.com/v1/projects/thebusychristian-app [none]
[debug] [2025-11-01T14:30:15.912Z] <<< [apiv2][status] GET https://cloudresourcemanager.googleapis.com/v1/projects/thebusychristian-app 200
[debug] [2025-11-01T14:30:15.912Z] <<< [apiv2][body] GET https://cloudresourcemanager.googleapis.com/v1/projects/thebusychristian-app {"projectNumber":"689195108551","projectId":"thebusychristian-app","lifecycleState":"ACTIVE","name":"thebusychristian app","labels":{"firebase":"enabled","firebase-core":"disabled"},"createTime":"2025-10-31T21:11:48.332795Z"}
[info] i  functions: preparing codebase default for deployment 
[info] i  functions: ensuring required API cloudfunctions.googleapis.com is enabled... 
[info] i  functions: ensuring required API cloudbuild.googleapis.com is enabled... 
[info] i  artifactregistry: ensuring required API artifactregistry.googleapis.com is enabled... 
[debug] [2025-11-01T14:30:15.913Z] Checked if tokens are valid: true, expires at: 1762011011448
[debug] [2025-11-01T14:30:15.913Z] Checked if tokens are valid: true, expires at: 1762011011448
[debug] [2025-11-01T14:30:15.913Z] >>> [apiv2][query] GET https://firebase.googleapis.com/v1beta1/projects/thebusychristian-app/adminSdkConfig [none]
[debug] [2025-11-01T14:30:16.430Z] <<< [apiv2][status] GET https://firebase.googleapis.com/v1beta1/projects/thebusychristian-app/adminSdkConfig 200
[debug] [2025-11-01T14:30:16.430Z] <<< [apiv2][body] GET https://firebase.googleapis.com/v1beta1/projects/thebusychristian-app/adminSdkConfig {"projectId":"thebusychristian-app","storageBucket":"thebusychristian-app.firebasestorage.app"}
[debug] [2025-11-01T14:30:16.432Z] Validating nodejs source
[warn] ⚠  functions: package.json indicates an outdated version of firebase-functions. Please upgrade using npm install --save firebase-functions@latest in your functions directory. 
[warn] ⚠  functions: Please note that there will be breaking changes when you upgrade. 
[debug] [2025-11-01T14:30:16.957Z] > [functions] package.json contents: {
  "name": "functions",
  "description": "Cloud Functions for The Busy Christian Prayer Network",
  "scripts": {
    "lint": "echo 'Skipping lint'",
    "build": "tsc",
    "serve": "npm run build && firebase emulators:start --only functions",
    "shell": "npm run build && firebase functions:shell",
    "start": "npm run shell",
    "deploy": "firebase deploy --only functions",
    "logs": "firebase functions:log"
  },
  "engines": {
    "node": "20"
  },
  "main": "lib/index.js",
  "dependencies": {
    "firebase-admin": "^12.0.0",
    "firebase-functions": "^4.5.0"
  },
  "devDependencies": {
    "@types/node": "^20.10.5",
    "typescript": "^5.3.3"
  },
  "private": true
}
[debug] [2025-11-01T14:30:16.957Z] Building nodejs source
[info] i  functions: Loading and analyzing source code for codebase default to determine what to deploy 
[info] i  functions: You are using a version of firebase-functions SDK (4.9.0) that does not have support for the newest Firebase Extensions features. Please update firebase-functions SDK to >=5.1.0 to use them correctly 
[debug] [2025-11-01T14:30:16.957Z] Could not find functions.yaml. Must use http discovery
[debug] [2025-11-01T14:30:16.963Z] Found firebase-functions binary at '/Users/doug/busy-preacher-mvp/functions/node_modules/.bin/firebase-functions'
[info] Serving at port 8955

[debug] [2025-11-01T14:30:17.253Z] Got response from /__/functions.yaml {"endpoints":{"sendNewPrayerNotification":{"platform":"gcfv1","availableMemoryMb":null,"timeoutSeconds":null,"minInstances":null,"maxInstances":null,"ingressSettings":null,"serviceAccountEmail":null,"vpc":null,"eventTrigger":{"eventType":"providers/cloud.firestore/eventTypes/document.create","eventFilters":{"resource":"projects/thebusychristian-app/databases/(default)/documents/prayer_requests/{requestId}"},"retry":false},"labels":{},"entryPoint":"sendNewPrayerNotification"},"sendPrayerHeartNotification":{"platform":"gcfv1","availableMemoryMb":null,"timeoutSeconds":null,"minInstances":null,"maxInstances":null,"ingressSettings":null,"serviceAccountEmail":null,"vpc":null,"eventTrigger":{"eventType":"providers/cloud.firestore/eventTypes/document.update","eventFilters":{"resource":"projects/thebusychristian-app/databases/(default)/documents/prayer_requests/{requestId}"},"retry":false},"labels":{},"entryPoint":"sendPrayerHeartNotification"},"moderatePrayerContent":{"platform":"gcfv1","availableMemoryMb":null,"timeoutSeconds":null,"minInstances":null,"maxInstances":null,"ingressSettings":null,"serviceAccountEmail":null,"vpc":null,"eventTrigger":{"eventType":"providers/cloud.firestore/eventTypes/document.create","eventFilters":{"resource":"projects/thebusychristian-app/databases/(default)/documents/prayer_requests/{requestId}"},"retry":false},"labels":{},"entryPoint":"moderatePrayerContent"},"autoHideFlaggedPrayers":{"platform":"gcfv1","availableMemoryMb":null,"timeoutSeconds":null,"minInstances":null,"maxInstances":null,"ingressSettings":null,"serviceAccountEmail":null,"vpc":null,"eventTrigger":{"eventType":"providers/cloud.firestore/eventTypes/document.update","eventFilters":{"resource":"projects/thebusychristian-app/databases/(default)/documents/prayer_requests/{requestId}"},"retry":false},"labels":{},"entryPoint":"autoHideFlaggedPrayers"},"updatePrayerWarriorBadge":{"platform":"gcfv1","availableMemoryMb":null,"timeoutSeconds":null,"minInstances":null,"maxInstances":null,"ingressSettings":null,"serviceAccountEmail":null,"vpc":null,"eventTrigger":{"eventType":"providers/cloud.firestore/eventTypes/document.update","eventFilters":{"resource":"projects/thebusychristian-app/databases/(default)/documents/users/{userId}"},"retry":false},"labels":{},"entryPoint":"updatePrayerWarriorBadge"},"cleanupExpiredPrayers":{"platform":"gcfv1","availableMemoryMb":null,"timeoutSeconds":null,"minInstances":null,"maxInstances":null,"ingressSettings":null,"serviceAccountEmail":null,"vpc":null,"scheduleTrigger":{"schedule":"0 0 * * *","retryConfig":{"retryCount":null,"maxDoublings":null,"maxRetryDuration":null,"maxBackoffDuration":null,"minBackoffDuration":null},"timeZone":"America/New_York"},"labels":{},"entryPoint":"cleanupExpiredPrayers"},"updatePrayerStreaks":{"platform":"gcfv1","availableMemoryMb":null,"timeoutSeconds":null,"minInstances":null,"maxInstances":null,"ingressSettings":null,"serviceAccountEmail":null,"vpc":null,"scheduleTrigger":{"schedule":"0 1 * * *","retryConfig":{"retryCount":null,"maxDoublings":null,"maxRetryDuration":null,"maxBackoffDuration":null,"minBackoffDuration":null},"timeZone":"America/New_York"},"labels":{},"entryPoint":"updatePrayerStreaks"}},"specVersion":"v1alpha1","requiredAPIs":[{"api":"cloudscheduler.googleapis.com","reason":"Needed for scheduled functions."}]}
[info] i  functions: preparing functions directory for uploading... 
[info] i  functions: packaged /Users/doug/busy-preacher-mvp/functions (43.69 KB) for uploading 
[debug] [2025-11-01T14:30:21.296Z] Checked if tokens are valid: true, expires at: 1762011011448
[debug] [2025-11-01T14:30:21.296Z] Checked if tokens are valid: true, expires at: 1762011011448
[debug] [2025-11-01T14:30:21.296Z] >>> [apiv2][query] GET https://cloudfunctions.googleapis.com/v1/projects/thebusychristian-app/locations/-/functions [none]
[debug] [2025-11-01T14:30:21.931Z] <<< [apiv2][status] GET https://cloudfunctions.googleapis.com/v1/projects/thebusychristian-app/locations/-/functions 200
[debug] [2025-11-01T14:30:21.932Z] <<< [apiv2][body] GET https://cloudfunctions.googleapis.com/v1/projects/thebusychristian-app/locations/-/functions {"functions":[{"name":"projects/thebusychristian-app/locations/us-central1/functions/updatePrayerWarriorBadge","eventTrigger":{"eventType":"providers/cloud.firestore/eventTypes/document.update","resource":"projects/thebusychristian-app/databases/(default)/documents/users/{userId}","service":"firestore.googleapis.com","failurePolicy":{}},"status":"ACTIVE","entryPoint":"updatePrayerWarriorBadge","timeout":"60s","availableMemoryMb":256,"serviceAccountEmail":"thebusychristian-app@appspot.gserviceaccount.com","updateTime":"2025-10-31T22:24:32.911567253Z","versionId":"1","labels":{"deployment-tool":"cli-firebase","firebase-functions-hash":"e9c6437978b2e8a8f7b65a71d05ca6f90b453d43"},"sourceUploadUrl":"https://storage.googleapis.com/uploads-484571727081.us-central1.cloudfunctions.appspot.com/d82fa772-8d95-44ec-814a-07b2ab9fcec9.zip","environmentVariables":{"FIREBASE_CONFIG":"{\"projectId\":\"thebusychristian-app\",\"storageBucket\":\"thebusychristian-app.firebasestorage.app\"}","GCLOUD_PROJECT":"thebusychristian-app","EVENTARC_CLOUD_EVENT_SOURCE":"projects/thebusychristian-app/locations/us-central1/functions/updatePrayerWarriorBadge"},"runtime":"nodejs20","maxInstances":3000,"ingressSettings":"ALLOW_ALL","buildId":"beb71204-93ce-4a9a-ba72-15865cde6903","buildEnvironmentVariables":{"GOOGLE_NODE_RUN_SCRIPTS":""},"buildName":"projects/689195108551/locations/us-central1/builds/beb71204-93ce-4a9a-ba72-15865cde6903","dockerRegistry":"ARTIFACT_REGISTRY","automaticUpdatePolicy":{},"buildServiceAccount":"projects/thebusychristian-app/serviceAccounts/689195108551-compute@developer.gserviceaccount.com","satisfiesPzi":true},{"name":"projects/thebusychristian-app/locations/us-central1/functions/updatePrayerStreaks","eventTrigger":{"eventType":"google.pubsub.topic.publish","resource":"projects/thebusychristian-app/topics/firebase-schedule-updatePrayerStreaks-us-central1","service":"pubsub.googleapis.com","failurePolicy":{}},"status":"ACTIVE","entryPoint":"updatePrayerStreaks","timeout":"60s","availableMemoryMb":256,"serviceAccountEmail":"thebusychristian-app@appspot.gserviceaccount.com","updateTime":"2025-10-31T22:24:22.147095394Z","versionId":"1","labels":{"deployment-scheduled":"true","firebase-functions-hash":"e9c6437978b2e8a8f7b65a71d05ca6f90b453d43","deployment-tool":"cli-firebase"},"sourceUploadUrl":"https://storage.googleapis.com/uploads-484571727081.us-central1.cloudfunctions.appspot.com/d82fa772-8d95-44ec-814a-07b2ab9fcec9.zip","environmentVariables":{"FIREBASE_CONFIG":"{\"projectId\":\"thebusychristian-app\",\"storageBucket\":\"thebusychristian-app.firebasestorage.app\"}","GCLOUD_PROJECT":"thebusychristian-app","EVENTARC_CLOUD_EVENT_SOURCE":"projects/thebusychristian-app/locations/us-central1/functions/updatePrayerStreaks"},"runtime":"nodejs20","maxInstances":3000,"ingressSettings":"ALLOW_ALL","buildId":"beb71204-93ce-4a9a-ba72-15865cde6903","buildEnvironmentVariables":{"GOOGLE_NODE_RUN_SCRIPTS":""},"buildName":"projects/689195108551/locations/us-central1/builds/beb71204-93ce-4a9a-ba72-15865cde6903","dockerRegistry":"ARTIFACT_REGISTRY","automaticUpdatePolicy":{},"buildServiceAccount":"projects/thebusychristian-app/serviceAccounts/689195108551-compute@developer.gserviceaccount.com","satisfiesPzi":true},{"name":"projects/thebusychristian-app/locations/us-central1/functions/cleanupExpiredPrayers","eventTrigger":{"eventType":"google.pubsub.topic.publish","resource":"projects/thebusychristian-app/topics/firebase-schedule-cleanupExpiredPrayers-us-central1","service":"pubsub.googleapis.com","failurePolicy":{}},"status":"ACTIVE","entryPoint":"cleanupExpiredPrayers","timeout":"60s","availableMemoryMb":256,"serviceAccountEmail":"thebusychristian-app@appspot.gserviceaccount.com","updateTime":"2025-10-31T22:24:18.174908559Z","versionId":"1","labels":{"deployment-tool":"cli-firebase","deployment-scheduled":"true","firebase-functions-hash":"e9c6437978b2e8a8f7b65a71d05ca6f90b453d43"},"sourceUploadUrl":"https://storage.googleapis.com/uploads-484571727081.us-central1.cloudfunctions.appspot.com/d82fa772-8d95-44ec-814a-07b2ab9fcec9.zip","environmentVariables":{"FIREBASE_CONFIG":"{\"projectId\":\"thebusychristian-app\",\"storageBucket\":\"thebusychristian-app.firebasestorage.app\"}","GCLOUD_PROJECT":"thebusychristian-app","EVENTARC_CLOUD_EVENT_SOURCE":"projects/thebusychristian-app/locations/us-central1/functions/cleanupExpiredPrayers"},"runtime":"nodejs20","maxInstances":3000,"ingressSettings":"ALLOW_ALL","buildId":"beb71204-93ce-4a9a-ba72-15865cde6903","buildEnvironmentVariables":{"GOOGLE_NODE_RUN_SCRIPTS":""},"buildName":"projects/689195108551/locations/us-central1/builds/beb71204-93ce-4a9a-ba72-15865cde6903","dockerRegistry":"ARTIFACT_REGISTRY","automaticUpdatePolicy":{},"buildServiceAccount":"projects/thebusychristian-app/serviceAccounts/689195108551-compute@developer.gserviceaccount.com","satisfiesPzi":true},{"name":"projects/thebusychristian-app/locations/us-central1/functions/sendNewPrayerNotification","eventTrigger":{"eventType":"providers/cloud.firestore/eventTypes/document.create","resource":"projects/thebusychristian-app/databases/(default)/documents/prayer_requests/{requestId}","service":"firestore.googleapis.com","failurePolicy":{}},"status":"ACTIVE","entryPoint":"sendNewPrayerNotification","timeout":"60s","availableMemoryMb":256,"serviceAccountEmail":"thebusychristian-app@appspot.gserviceaccount.com","updateTime":"2025-10-31T22:32:28.862333792Z","versionId":"1","labels":{"deployment-tool":"cli-firebase","firebase-functions-hash":"e9c6437978b2e8a8f7b65a71d05ca6f90b453d43"},"sourceUploadUrl":"https://storage.googleapis.com/uploads-484571727081.us-central1.cloudfunctions.appspot.com/fdc468d3-d0b5-4c34-915f-e4629a5125b4.zip","environmentVariables":{"FIREBASE_CONFIG":"{\"projectId\":\"thebusychristian-app\",\"storageBucket\":\"thebusychristian-app.firebasestorage.app\"}","GCLOUD_PROJECT":"thebusychristian-app","EVENTARC_CLOUD_EVENT_SOURCE":"projects/thebusychristian-app/locations/us-central1/functions/sendNewPrayerNotification"},"runtime":"nodejs20","maxInstances":3000,"ingressSettings":"ALLOW_ALL","buildId":"10bab79b-f28a-47e9-a2d0-697df86f4bba","buildEnvironmentVariables":{"GOOGLE_NODE_RUN_SCRIPTS":""},"buildName":"projects/689195108551/locations/us-central1/builds/10bab79b-f28a-47e9-a2d0-697df86f4bba","dockerRegistry":"ARTIFACT_REGISTRY","automaticUpdatePolicy":{},"buildServiceAccount":"projects/thebusychristian-app/serviceAccounts/689195108551-compute@developer.gserviceaccount.com","satisfiesPzi":true},{"name":"projects/thebusychristian-app/locations/us-central1/functions/moderatePrayerContent","eventTrigger":{"eventType":"providers/cloud.firestore/eventTypes/document.create","resource":"projects/thebusychristian-app/databases/(default)/documents/prayer_requests/{requestId}","service":"firestore.googleapis.com","failurePolicy":{}},"status":"ACTIVE","entryPoint":"moderatePrayerContent","timeout":"60s","availableMemoryMb":256,"serviceAccountEmail":"thebusychristian-app@appspot.gserviceaccount.com","updateTime":"2025-10-31T22:24:25.833429985Z","versionId":"1","labels":{"firebase-functions-hash":"e9c6437978b2e8a8f7b65a71d05ca6f90b453d43","deployment-tool":"cli-firebase"},"sourceUploadUrl":"https://storage.googleapis.com/uploads-484571727081.us-central1.cloudfunctions.appspot.com/d82fa772-8d95-44ec-814a-07b2ab9fcec9.zip","environmentVariables":{"FIREBASE_CONFIG":"{\"projectId\":\"thebusychristian-app\",\"storageBucket\":\"thebusychristian-app.firebasestorage.app\"}","GCLOUD_PROJECT":"thebusychristian-app","EVENTARC_CLOUD_EVENT_SOURCE":"projects/thebusychristian-app/locations/us-central1/functions/moderatePrayerContent"},"runtime":"nodejs20","maxInstances":3000,"ingressSettings":"ALLOW_ALL","buildId":"beb71204-93ce-4a9a-ba72-15865cde6903","buildEnvironmentVariables":{"GOOGLE_NODE_RUN_SCRIPTS":""},"buildName":"projects/689195108551/locations/us-central1/builds/beb71204-93ce-4a9a-ba72-15865cde6903","dockerRegistry":"ARTIFACT_REGISTRY","automaticUpdatePolicy":{},"buildServiceAccount":"projects/thebusychristian-app/serviceAccounts/689195108551-compute@developer.gserviceaccount.com","satisfiesPzi":true},{"name":"projects/thebusychristian-app/locations/us-central1/functions/autoHideFlaggedPrayers","eventTrigger":{"eventType":"providers/cloud.firestore/eventTypes/document.update","resource":"projects/thebusychristian-app/databases/(default)/documents/prayer_requests/{requestId}","service":"firestore.googleapis.com","failurePolicy":{}},"status":"ACTIVE","entryPoint":"autoHideFlaggedPrayers","timeout":"60s","availableMemoryMb":256,"serviceAccountEmail":"thebusychristian-app@appspot.gserviceaccount.com","updateTime":"2025-10-31T22:24:26.697700718Z","versionId":"1","labels":{"firebase-functions-hash":"e9c6437978b2e8a8f7b65a71d05ca6f90b453d43","deployment-tool":"cli-firebase"},"sourceUploadUrl":"https://storage.googleapis.com/uploads-484571727081.us-central1.cloudfunctions.appspot.com/d82fa772-8d95-44ec-814a-07b2ab9fcec9.zip","environmentVariables":{"FIREBASE_CONFIG":"{\"projectId\":\"thebusychristian-app\",\"storageBucket\":\"thebusychristian-app.firebasestorage.app\"}","GCLOUD_PROJECT":"thebusychristian-app","EVENTARC_CLOUD_EVENT_SOURCE":"projects/thebusychristian-app/locations/us-central1/functions/autoHideFlaggedPrayers"},"runtime":"nodejs20","maxInstances":3000,"ingressSettings":"ALLOW_ALL","buildId":"beb71204-93ce-4a9a-ba72-15865cde6903","buildEnvironmentVariables":{"GOOGLE_NODE_RUN_SCRIPTS":""},"buildName":"projects/689195108551/locations/us-central1/builds/beb71204-93ce-4a9a-ba72-15865cde6903","dockerRegistry":"ARTIFACT_REGISTRY","automaticUpdatePolicy":{},"buildServiceAccount":"projects/thebusychristian-app/serviceAccounts/689195108551-compute@developer.gserviceaccount.com","satisfiesPzi":true},{"name":"projects/thebusychristian-app/locations/us-central1/functions/sendPrayerHeartNotification","eventTrigger":{"eventType":"providers/cloud.firestore/eventTypes/document.update","resource":"projects/thebusychristian-app/databases/(default)/documents/prayer_requests/{requestId}","service":"firestore.googleapis.com","failurePolicy":{}},"status":"ACTIVE","entryPoint":"sendPrayerHeartNotification","timeout":"60s","availableMemoryMb":256,"serviceAccountEmail":"thebusychristian-app@appspot.gserviceaccount.com","updateTime":"2025-10-31T22:24:15.347251813Z","versionId":"1","labels":{"deployment-tool":"cli-firebase","firebase-functions-hash":"e9c6437978b2e8a8f7b65a71d05ca6f90b453d43"},"sourceUploadUrl":"https://storage.googleapis.com/uploads-484571727081.us-central1.cloudfunctions.appspot.com/d82fa772-8d95-44ec-814a-07b2ab9fcec9.zip","environmentVariables":{"FIREBASE_CONFIG":"{\"projectId\":\"thebusychristian-app\",\"storageBucket\":\"thebusychristian-app.firebasestorage.app\"}","GCLOUD_PROJECT":"thebusychristian-app","EVENTARC_CLOUD_EVENT_SOURCE":"projects/thebusychristian-app/locations/us-central1/functions/sendPrayerHeartNotification"},"runtime":"nodejs20","maxInstances":3000,"ingressSettings":"ALLOW_ALL","buildId":"beb71204-93ce-4a9a-ba72-15865cde6903","buildEnvironmentVariables":{"GOOGLE_NODE_RUN_SCRIPTS":""},"buildName":"projects/689195108551/locations/us-central1/builds/beb71204-93ce-4a9a-ba72-15865cde6903","dockerRegistry":"ARTIFACT_REGISTRY","automaticUpdatePolicy":{},"buildServiceAccount":"projects/thebusychristian-app/serviceAccounts/689195108551-compute@developer.gserviceaccount.com","satisfiesPzi":true}]}
[debug] [2025-11-01T14:30:21.933Z] Checked if tokens are valid: true, expires at: 1762011011448
[debug] [2025-11-01T14:30:21.933Z] Checked if tokens are valid: true, expires at: 1762011011448
[debug] [2025-11-01T14:30:21.934Z] >>> [apiv2][query] GET https://cloudfunctions.googleapis.com/v2/projects/thebusychristian-app/locations/-/functions filter=environment%3D%22GEN_2%22
[debug] [2025-11-01T14:30:22.355Z] <<< [apiv2][status] GET https://cloudfunctions.googleapis.com/v2/projects/thebusychristian-app/locations/-/functions 200
[debug] [2025-11-01T14:30:22.357Z] <<< [apiv2][body] GET https://cloudfunctions.googleapis.com/v2/projects/thebusychristian-app/locations/-/functions {}
[info] i  functions: ensuring required API cloudscheduler.googleapis.com is enabled... 
[debug] [2025-11-01T14:30:22.369Z] Checked if tokens are valid: true, expires at: 1762011011448
[debug] [2025-11-01T14:30:22.371Z] Checked if tokens are valid: true, expires at: 1762011011448
[debug] [2025-11-01T14:30:22.372Z] >>> [apiv2][query] GET https://cloudresourcemanager.googleapis.com/v1/projects/thebusychristian-app [none]
[debug] [2025-11-01T14:30:22.649Z] <<< [apiv2][status] GET https://cloudresourcemanager.googleapis.com/v1/projects/thebusychristian-app 200
[debug] [2025-11-01T14:30:22.649Z] <<< [apiv2][body] GET https://cloudresourcemanager.googleapis.com/v1/projects/thebusychristian-app {"projectNumber":"689195108551","projectId":"thebusychristian-app","lifecycleState":"ACTIVE","name":"thebusychristian app","labels":{"firebase":"enabled","firebase-core":"disabled"},"createTime":"2025-10-31T21:11:48.332795Z"}
[debug] [2025-11-01T14:30:22.652Z] Checked if tokens are valid: true, expires at: 1762011011448
[debug] [2025-11-01T14:30:22.652Z] Checked if tokens are valid: true, expires at: 1762011011448
[debug] [2025-11-01T14:30:22.653Z] >>> [apiv2][query] POST https://cloudfunctions.googleapis.com/v1/projects/thebusychristian-app/locations/us-central1/functions:generateUploadUrl [none]
[debug] [2025-11-01T14:30:22.654Z] >>> [apiv2][body] POST https://cloudfunctions.googleapis.com/v1/projects/thebusychristian-app/locations/us-central1/functions:generateUploadUrl {}
[debug] [2025-11-01T14:30:23.188Z] <<< [apiv2][status] POST https://cloudfunctions.googleapis.com/v1/projects/thebusychristian-app/locations/us-central1/functions:generateUploadUrl 200
[debug] [2025-11-01T14:30:23.188Z] <<< [apiv2][body] POST https://cloudfunctions.googleapis.com/v1/projects/thebusychristian-app/locations/us-central1/functions:generateUploadUrl {"uploadUrl":"https://storage.googleapis.com/uploads-484571727081.us-central1.cloudfunctions.appspot.com/a3da39d6-5224-4df6-b7d3-984cd214976f.zip?GoogleAccessId=service-689195108551@gcf-admin-robot.iam.gserviceaccount.com&Expires=1762009223&Signature=botrBgtIJvdGp0KcLYEQDcGG%2BGwZamyWTOmN3COuaYKXzoZ2WCyuH%2Bl2ComYWybV45g9yuAjctHVd3yojHnFBvOw4L6PxTlfaKqSvcodhXxz6uXa7eZbzUeGW4YfoQOtlFLAO8OKRALLQf75CPjYCVKAftqbcA1zC8lkQbcZStEew2cIDhK9iYK8Q%2F%2F%2B45dl5ArnuZuO9D%2BdPiq9CnlgRk5NH1HFwRANrAgc4NPLRKrvcQ0w4fpAjELScygQnyXwEehgx1BqNsMuDKL1kDYXRBz26WRAUsYmEw7HhXPtghXNqmy6KWmIpdYnzPjCOzMPlFutcFGKGLDXreWac1gw8Q%3D%3D"}
[debug] [2025-11-01T14:30:23.189Z] >>> [apiv2][query] PUT https://storage.googleapis.com/uploads-484571727081.us-central1.cloudfunctions.appspot.com/a3da39d6-5224-4df6-b7d3-984cd214976f.zip GoogleAccessId=service-689195108551%40gcf-admin-robot.iam.gserviceaccount.com&Expires=1762009223&Signature=botrBgtIJvdGp0KcLYEQDcGG%2BGwZamyWTOmN3COuaYKXzoZ2WCyuH%2Bl2ComYWybV45g9yuAjctHVd3yojHnFBvOw4L6PxTlfaKqSvcodhXxz6uXa7eZbzUeGW4YfoQOtlFLAO8OKRALLQf75CPjYCVKAftqbcA1zC8lkQbcZStEew2cIDhK9iYK8Q%2F%2F%2B45dl5ArnuZuO9D%2BdPiq9CnlgRk5NH1HFwRANrAgc4NPLRKrvcQ0w4fpAjELScygQnyXwEehgx1BqNsMuDKL1kDYXRBz26WRAUsYmEw7HhXPtghXNqmy6KWmIpdYnzPjCOzMPlFutcFGKGLDXreWac1gw8Q%3D%3D
[debug] [2025-11-01T14:30:23.189Z] >>> [apiv2][body] PUT https://storage.googleapis.com/uploads-484571727081.us-central1.cloudfunctions.appspot.com/a3da39d6-5224-4df6-b7d3-984cd214976f.zip [stream]
[debug] [2025-11-01T14:30:23.649Z] <<< [apiv2][status] PUT https://storage.googleapis.com/uploads-484571727081.us-central1.cloudfunctions.appspot.com/a3da39d6-5224-4df6-b7d3-984cd214976f.zip 200
[debug] [2025-11-01T14:30:23.649Z] <<< [apiv2][body] PUT https://storage.googleapis.com/uploads-484571727081.us-central1.cloudfunctions.appspot.com/a3da39d6-5224-4df6-b7d3-984cd214976f.zip [omitted]
[info] ✔  functions: functions source uploaded successfully 
[info] i  functions: updating Node.js 20 (1st Gen) function sendNewPrayerNotification(us-central1)... 
[info] i  functions: updating Node.js 20 (1st Gen) function sendPrayerHeartNotification(us-central1)... 
[info] i  functions: updating Node.js 20 (1st Gen) function moderatePrayerContent(us-central1)... 
[info] i  functions: updating Node.js 20 (1st Gen) function autoHideFlaggedPrayers(us-central1)... 
[info] i  functions: updating Node.js 20 (1st Gen) function updatePrayerWarriorBadge(us-central1)... 
[info] i  functions: updating Node.js 20 (1st Gen) function cleanupExpiredPrayers(us-central1)... 
[info] i  functions: updating Node.js 20 (1st Gen) function updatePrayerStreaks(us-central1)... 
[debug] [2025-11-01T14:30:23.651Z] Checked if tokens are valid: true, expires at: 1762011011448
[debug] [2025-11-01T14:30:23.651Z] Checked if tokens are valid: true, expires at: 1762011011448
[debug] [2025-11-01T14:30:23.651Z] >>> [apiv2][query] PATCH https://cloudfunctions.googleapis.com/v1/projects/thebusychristian-app/locations/us-central1/functions/sendNewPrayerNotification updateMask=name%2CsourceUploadUrl%2CentryPoint%2Cruntime%2CdockerRegistry%2Clabels%2CeventTrigger.eventType%2CeventTrigger.resource%2CeventTrigger.failurePolicy%2CminInstances%2CmaxInstances%2CingressSettings%2CenvironmentVariables%2CserviceAccountEmail%2CavailableMemoryMb%2Ctimeout%2CvpcConnector%2CvpcConnectorEgressSettings%2CsourceToken%2CbuildEnvironmentVariables
[debug] [2025-11-01T14:30:23.651Z] >>> [apiv2][body] PATCH https://cloudfunctions.googleapis.com/v1/projects/thebusychristian-app/locations/us-central1/functions/sendNewPrayerNotification {"name":"projects/thebusychristian-app/locations/us-central1/functions/sendNewPrayerNotification","sourceUploadUrl":"https://storage.googleapis.com/uploads-484571727081.us-central1.cloudfunctions.appspot.com/a3da39d6-5224-4df6-b7d3-984cd214976f.zip?GoogleAccessId=service-689195108551@gcf-admin-robot.iam.gserviceaccount.com&Expires=1762009223&Signature=botrBgtIJvdGp0KcLYEQDcGG%2BGwZamyWTOmN3COuaYKXzoZ2WCyuH%2Bl2ComYWybV45g9yuAjctHVd3yojHnFBvOw4L6PxTlfaKqSvcodhXxz6uXa7eZbzUeGW4YfoQOtlFLAO8OKRALLQf75CPjYCVKAftqbcA1zC8lkQbcZStEew2cIDhK9iYK8Q%2F%2F%2B45dl5ArnuZuO9D%2BdPiq9CnlgRk5NH1HFwRANrAgc4NPLRKrvcQ0w4fpAjELScygQnyXwEehgx1BqNsMuDKL1kDYXRBz26WRAUsYmEw7HhXPtghXNqmy6KWmIpdYnzPjCOzMPlFutcFGKGLDXreWac1gw8Q%3D%3D","entryPoint":"sendNewPrayerNotification","runtime":"nodejs20","dockerRegistry":"ARTIFACT_REGISTRY","labels":{"deployment-tool":"cli-firebase","firebase-functions-hash":"493f8f9f5038073f2b889fc5528ccf258ed5066e"},"eventTrigger":{"eventType":"providers/cloud.firestore/eventTypes/document.create","resource":"projects/thebusychristian-app/databases/(default)/documents/prayer_requests/{requestId}"},"minInstances":null,"maxInstances":null,"ingressSettings":null,"environmentVariables":{"FIREBASE_CONFIG":"{\"projectId\":\"thebusychristian-app\",\"storageBucket\":\"thebusychristian-app.firebasestorage.app\"}","GCLOUD_PROJECT":"thebusychristian-app","EVENTARC_CLOUD_EVENT_SOURCE":"projects/thebusychristian-app/locations/us-central1/functions/sendNewPrayerNotification"},"serviceAccountEmail":null,"availableMemoryMb":null,"timeout":null,"vpcConnector":null,"vpcConnectorEgressSettings":null,"buildEnvironmentVariables":{"GOOGLE_NODE_RUN_SCRIPTS":""}}
[debug] [2025-11-01T14:30:24.183Z] <<< [apiv2][status] PATCH https://cloudfunctions.googleapis.com/v1/projects/thebusychristian-app/locations/us-central1/functions/sendNewPrayerNotification 200
[debug] [2025-11-01T14:30:24.183Z] <<< [apiv2][body] PATCH https://cloudfunctions.googleapis.com/v1/projects/thebusychristian-app/locations/us-central1/functions/sendNewPrayerNotification {"name":"operations/dGhlYnVzeWNocmlzdGlhbi1hcHAvdXMtY2VudHJhbDEvc2VuZE5ld1ByYXllck5vdGlmaWNhdGlvbi9MaV9hRU1sMmp3WQ","metadata":{"@type":"type.googleapis.com/google.cloud.functions.v1.OperationMetadataV1","target":"projects/thebusychristian-app/locations/us-central1/functions/sendNewPrayerNotification","type":"UPDATE_FUNCTION","request":{"@type":"type.googleapis.com/google.cloud.functions.v1.CloudFunction","name":"projects/thebusychristian-app/locations/us-central1/functions/sendNewPrayerNotification","eventTrigger":{"eventType":"providers/cloud.firestore/eventTypes/document.create","resource":"projects/thebusychristian-app/databases/(default)/documents/prayer_requests/{requestId}","service":"firestore.googleapis.com"},"status":"ACTIVE","entryPoint":"sendNewPrayerNotification","updateTime":"2025-10-31T22:32:23.906Z","versionId":"1","labels":{"deployment-tool":"cli-firebase","firebase-functions-hash":"493f8f9f5038073f2b889fc5528ccf258ed5066e"},"sourceUploadUrl":"https://storage.googleapis.com/uploads-484571727081.us-central1.cloudfunctions.appspot.com/a3da39d6-5224-4df6-b7d3-984cd214976f.zip?GoogleAccessId=service-689195108551@gcf-admin-robot.iam.gserviceaccount.com&Expires=1762009223&Signature=botrBgtIJvdGp0KcLYEQDcGG%2BGwZamyWTOmN3COuaYKXzoZ2WCyuH%2Bl2ComYWybV45g9yuAjctHVd3yojHnFBvOw4L6PxTlfaKqSvcodhXxz6uXa7eZbzUeGW4YfoQOtlFLAO8OKRALLQf75CPjYCVKAftqbcA1zC8lkQbcZStEew2cIDhK9iYK8Q%2F%2F%2B45dl5ArnuZuO9D%2BdPiq9CnlgRk5NH1HFwRANrAgc4NPLRKrvcQ0w4fpAjELScygQnyXwEehgx1BqNsMuDKL1kDYXRBz26WRAUsYmEw7HhXPtghXNqmy6KWmIpdYnzPjCOzMPlFutcFGKGLDXreWac1gw8Q%3D%3D","environmentVariables":{"FIREBASE_CONFIG":"{\"projectId\":\"thebusychristian-app\",\"storageBucket\":\"thebusychristian-app.firebasestorage.app\"}","GCLOUD_PROJECT":"thebusychristian-app","EVENTARC_CLOUD_EVENT_SOURCE":"projects/thebusychristian-app/locations/us-central1/functions/sendNewPrayerNotification"},"runtime":"nodejs20","buildId":"10bab79b-f28a-47e9-a2d0-697df86f4bba","buildEnvironmentVariables":{"GOOGLE_NODE_RUN_SCRIPTS":""},"buildName":"projects/689195108551/locations/us-central1/builds/10bab79b-f28a-47e9-a2d0-697df86f4bba","dockerRegistry":"ARTIFACT_REGISTRY","automaticUpdatePolicy":{},"buildServiceAccount":"projects/thebusychristian-app/serviceAccounts/689195108551-compute@developer.gserviceaccount.com"},"versionId":"2","updateTime":"2025-11-01T14:30:24Z"}}
[debug] [2025-11-01T14:30:24.184Z] Checked if tokens are valid: true, expires at: 1762011011448
[debug] [2025-11-01T14:30:24.184Z] Checked if tokens are valid: true, expires at: 1762011011448
[debug] [2025-11-01T14:30:24.184Z] >>> [apiv2][query] GET https://cloudfunctions.googleapis.com/v1/operations/dGhlYnVzeWNocmlzdGlhbi1hcHAvdXMtY2VudHJhbDEvc2VuZE5ld1ByYXllck5vdGlmaWNhdGlvbi9MaV9hRU1sMmp3WQ [none]
[debug] [2025-11-01T14:30:24.361Z] <<< [apiv2][status] GET https://cloudfunctions.googleapis.com/v1/operations/dGhlYnVzeWNocmlzdGlhbi1hcHAvdXMtY2VudHJhbDEvc2VuZE5ld1ByYXllck5vdGlmaWNhdGlvbi9MaV9hRU1sMmp3WQ 200
[debug] [2025-11-01T14:30:24.362Z] <<< [apiv2][body] GET https://cloudfunctions.googleapis.com/v1/operations/dGhlYnVzeWNocmlzdGlhbi1hcHAvdXMtY2VudHJhbDEvc2VuZE5ld1ByYXllck5vdGlmaWNhdGlvbi9MaV9hRU1sMmp3WQ {"name":"operations/dGhlYnVzeWNocmlzdGlhbi1hcHAvdXMtY2VudHJhbDEvc2VuZE5ld1ByYXllck5vdGlmaWNhdGlvbi9MaV9hRU1sMmp3WQ","metadata":{"@type":"type.googleapis.com/google.cloud.functions.v1.OperationMetadataV1","target":"projects/thebusychristian-app/locations/us-central1/functions/sendNewPrayerNotification","type":"UPDATE_FUNCTION","request":{"@type":"type.googleapis.com/google.cloud.functions.v1.CloudFunction","name":"projects/thebusychristian-app/locations/us-central1/functions/sendNewPrayerNotification","eventTrigger":{"eventType":"providers/cloud.firestore/eventTypes/document.create","resource":"projects/thebusychristian-app/databases/(default)/documents/prayer_requests/{requestId}","service":"firestore.googleapis.com"},"status":"ACTIVE","entryPoint":"sendNewPrayerNotification","updateTime":"2025-10-31T22:32:23.906Z","versionId":"1","labels":{"deployment-tool":"cli-firebase","firebase-functions-hash":"493f8f9f5038073f2b889fc5528ccf258ed5066e"},"sourceUploadUrl":"https://storage.googleapis.com/uploads-484571727081.us-central1.cloudfunctions.appspot.com/a3da39d6-5224-4df6-b7d3-984cd214976f.zip?GoogleAccessId=service-689195108551@gcf-admin-robot.iam.gserviceaccount.com&Expires=1762009223&Signature=botrBgtIJvdGp0KcLYEQDcGG%2BGwZamyWTOmN3COuaYKXzoZ2WCyuH%2Bl2ComYWybV45g9yuAjctHVd3yojHnFBvOw4L6PxTlfaKqSvcodhXxz6uXa7eZbzUeGW4YfoQOtlFLAO8OKRALLQf75CPjYCVKAftqbcA1zC8lkQbcZStEew2cIDhK9iYK8Q%2F%2F%2B45dl5ArnuZuO9D%2BdPiq9CnlgRk5NH1HFwRANrAgc4NPLRKrvcQ0w4fpAjELScygQnyXwEehgx1BqNsMuDKL1kDYXRBz26WRAUsYmEw7HhXPtghXNqmy6KWmIpdYnzPjCOzMPlFutcFGKGLDXreWac1gw8Q%3D%3D","environmentVariables":{"FIREBASE_CONFIG":"{\"projectId\":\"thebusychristian-app\",\"storageBucket\":\"thebusychristian-app.firebasestorage.app\"}","GCLOUD_PROJECT":"thebusychristian-app","EVENTARC_CLOUD_EVENT_SOURCE":"projects/thebusychristian-app/locations/us-central1/functions/sendNewPrayerNotification"},"runtime":"nodejs20","buildId":"10bab79b-f28a-47e9-a2d0-697df86f4bba","buildEnvironmentVariables":{"GOOGLE_NODE_RUN_SCRIPTS":""},"buildName":"projects/689195108551/locations/us-central1/builds/10bab79b-f28a-47e9-a2d0-697df86f4bba","dockerRegistry":"ARTIFACT_REGISTRY","automaticUpdatePolicy":{},"buildServiceAccount":"projects/thebusychristian-app/serviceAccounts/689195108551-compute@developer.gserviceaccount.com"},"versionId":"2","updateTime":"2025-11-01T14:30:24Z"}}
[debug] [2025-11-01T14:30:24.863Z] [update-default-us-central1-sendNewPrayerNotification] Retrying task index 0
[debug] [2025-11-01T14:30:24.863Z] Checked if tokens are valid: true, expires at: 1762011011448
[debug] [2025-11-01T14:30:24.863Z] Checked if tokens are valid: true, expires at: 1762011011448
[debug] [2025-11-01T14:30:24.864Z] >>> [apiv2][query] GET https://cloudfunctions.googleapis.com/v1/operations/dGhlYnVzeWNocmlzdGlhbi1hcHAvdXMtY2VudHJhbDEvc2VuZE5ld1ByYXllck5vdGlmaWNhdGlvbi9MaV9hRU1sMmp3WQ [none]
[debug] [2025-11-01T14:30:25.020Z] <<< [apiv2][status] GET https://cloudfunctions.googleapis.com/v1/operations/dGhlYnVzeWNocmlzdGlhbi1hcHAvdXMtY2VudHJhbDEvc2VuZE5ld1ByYXllck5vdGlmaWNhdGlvbi9MaV9hRU1sMmp3WQ 200
[debug] [2025-11-01T14:30:25.020Z] <<< [apiv2][body] GET https://cloudfunctions.googleapis.com/v1/operations/dGhlYnVzeWNocmlzdGlhbi1hcHAvdXMtY2VudHJhbDEvc2VuZE5ld1ByYXllck5vdGlmaWNhdGlvbi9MaV9hRU1sMmp3WQ {"name":"operations/dGhlYnVzeWNocmlzdGlhbi1hcHAvdXMtY2VudHJhbDEvc2VuZE5ld1ByYXllck5vdGlmaWNhdGlvbi9MaV9hRU1sMmp3WQ","metadata":{"@type":"type.googleapis.com/google.cloud.functions.v1.OperationMetadataV1","target":"projects/thebusychristian-app/locations/us-central1/functions/sendNewPrayerNotification","type":"UPDATE_FUNCTION","request":{"@type":"type.googleapis.com/google.cloud.functions.v1.CloudFunction","name":"projects/thebusychristian-app/locations/us-central1/functions/sendNewPrayerNotification","eventTrigger":{"eventType":"providers/cloud.firestore/eventTypes/document.create","resource":"projects/thebusychristian-app/databases/(default)/documents/prayer_requests/{requestId}","service":"firestore.googleapis.com"},"status":"ACTIVE","entryPoint":"sendNewPrayerNotification","updateTime":"2025-10-31T22:32:23.906Z","versionId":"1","labels":{"deployment-tool":"cli-firebase","firebase-functions-hash":"493f8f9f5038073f2b889fc5528ccf258ed5066e"},"sourceUploadUrl":"https://storage.googleapis.com/uploads-484571727081.us-central1.cloudfunctions.appspot.com/a3da39d6-5224-4df6-b7d3-984cd214976f.zip?GoogleAccessId=service-689195108551@gcf-admin-robot.iam.gserviceaccount.com&Expires=1762009223&Signature=botrBgtIJvdGp0KcLYEQDcGG%2BGwZamyWTOmN3COuaYKXzoZ2WCyuH%2Bl2ComYWybV45g9yuAjctHVd3yojHnFBvOw4L6PxTlfaKqSvcodhXxz6uXa7eZbzUeGW4YfoQOtlFLAO8OKRALLQf75CPjYCVKAftqbcA1zC8lkQbcZStEew2cIDhK9iYK8Q%2F%2F%2B45dl5ArnuZuO9D%2BdPiq9CnlgRk5NH1HFwRANrAgc4NPLRKrvcQ0w4fpAjELScygQnyXwEehgx1BqNsMuDKL1kDYXRBz26WRAUsYmEw7HhXPtghXNqmy6KWmIpdYnzPjCOzMPlFutcFGKGLDXreWac1gw8Q%3D%3D","environmentVariables":{"FIREBASE_CONFIG":"{\"projectId\":\"thebusychristian-app\",\"storageBucket\":\"thebusychristian-app.firebasestorage.app\"}","GCLOUD_PROJECT":"thebusychristian-app","EVENTARC_CLOUD_EVENT_SOURCE":"projects/thebusychristian-app/locations/us-central1/functions/sendNewPrayerNotification"},"runtime":"nodejs20","buildId":"10bab79b-f28a-47e9-a2d0-697df86f4bba","buildEnvironmentVariables":{"GOOGLE_NODE_RUN_SCRIPTS":""},"buildName":"projects/689195108551/locations/us-central1/builds/10bab79b-f28a-47e9-a2d0-697df86f4bba","dockerRegistry":"ARTIFACT_REGISTRY","automaticUpdatePolicy":{},"buildServiceAccount":"projects/thebusychristian-app/serviceAccounts/689195108551-compute@developer.gserviceaccount.com"},"versionId":"2","updateTime":"2025-11-01T14:30:24Z"}}
[debug] [2025-11-01T14:30:26.022Z] [update-default-us-central1-sendNewPrayerNotification] Retrying task index 0
[debug] [2025-11-01T14:30:26.026Z] Checked if tokens are valid: true, expires at: 1762011011448
[debug] [2025-11-01T14:30:26.026Z] Checked if tokens are valid: true, expires at: 1762011011448
[debug] [2025-11-01T14:30:26.026Z] >>> [apiv2][query] GET https://cloudfunctions.googleapis.com/v1/operations/dGhlYnVzeWNocmlzdGlhbi1hcHAvdXMtY2VudHJhbDEvc2VuZE5ld1ByYXllck5vdGlmaWNhdGlvbi9MaV9hRU1sMmp3WQ [none]
[debug] [2025-11-01T14:30:26.193Z] <<< [apiv2][status] GET https://cloudfunctions.googleapis.com/v1/operations/dGhlYnVzeWNocmlzdGlhbi1hcHAvdXMtY2VudHJhbDEvc2VuZE5ld1ByYXllck5vdGlmaWNhdGlvbi9MaV9hRU1sMmp3WQ 200
[debug] [2025-11-01T14:30:26.193Z] <<< [apiv2][body] GET https://cloudfunctions.googleapis.com/v1/operations/dGhlYnVzeWNocmlzdGlhbi1hcHAvdXMtY2VudHJhbDEvc2VuZE5ld1ByYXllck5vdGlmaWNhdGlvbi9MaV9hRU1sMmp3WQ {"name":"operations/dGhlYnVzeWNocmlzdGlhbi1hcHAvdXMtY2VudHJhbDEvc2VuZE5ld1ByYXllck5vdGlmaWNhdGlvbi9MaV9hRU1sMmp3WQ","metadata":{"@type":"type.googleapis.com/google.cloud.functions.v1.OperationMetadataV1","target":"projects/thebusychristian-app/locations/us-central1/functions/sendNewPrayerNotification","type":"UPDATE_FUNCTION","request":{"@type":"type.googleapis.com/google.cloud.functions.v1.CloudFunction","name":"projects/thebusychristian-app/locations/us-central1/functions/sendNewPrayerNotification","eventTrigger":{"eventType":"providers/cloud.firestore/eventTypes/document.create","resource":"projects/thebusychristian-app/databases/(default)/documents/prayer_requests/{requestId}","service":"firestore.googleapis.com"},"status":"ACTIVE","entryPoint":"sendNewPrayerNotification","updateTime":"2025-10-31T22:32:23.906Z","versionId":"1","labels":{"deployment-tool":"cli-firebase","firebase-functions-hash":"493f8f9f5038073f2b889fc5528ccf258ed5066e"},"sourceUploadUrl":"https://storage.googleapis.com/uploads-484571727081.us-central1.cloudfunctions.appspot.com/a3da39d6-5224-4df6-b7d3-984cd214976f.zip?GoogleAccessId=service-689195108551@gcf-admin-robot.iam.gserviceaccount.com&Expires=1762009223&Signature=botrBgtIJvdGp0KcLYEQDcGG%2BGwZamyWTOmN3COuaYKXzoZ2WCyuH%2Bl2ComYWybV45g9yuAjctHVd3yojHnFBvOw4L6PxTlfaKqSvcodhXxz6uXa7eZbzUeGW4YfoQOtlFLAO8OKRALLQf75CPjYCVKAftqbcA1zC8lkQbcZStEew2cIDhK9iYK8Q%2F%2F%2B45dl5ArnuZuO9D%2BdPiq9CnlgRk5NH1HFwRANrAgc4NPLRKrvcQ0w4fpAjELScygQnyXwEehgx1BqNsMuDKL1kDYXRBz26WRAUsYmEw7HhXPtghXNqmy6KWmIpdYnzPjCOzMPlFutcFGKGLDXreWac1gw8Q%3D%3D","environmentVariables":{"FIREBASE_CONFIG":"{\"projectId\":\"thebusychristian-app\",\"storageBucket\":\"thebusychristian-app.firebasestorage.app\"}","GCLOUD_PROJECT":"thebusychristian-app","EVENTARC_CLOUD_EVENT_SOURCE":"projects/thebusychristian-app/locations/us-central1/functions/sendNewPrayerNotification"},"runtime":"nodejs20","buildId":"10bab79b-f28a-47e9-a2d0-697df86f4bba","buildEnvironmentVariables":{"GOOGLE_NODE_RUN_SCRIPTS":""},"buildName":"projects/689195108551/locations/us-central1/builds/10bab79b-f28a-47e9-a2d0-697df86f4bba","dockerRegistry":"ARTIFACT_REGISTRY","automaticUpdatePolicy":{},"buildServiceAccount":"projects/thebusychristian-app/serviceAccounts/689195108551-compute@developer.gserviceaccount.com"},"versionId":"2","updateTime":"2025-11-01T14:30:24Z","buildId":"8e3d6aa3-d0fe-46ba-831e-2a552b115a97","buildName":"projects/689195108551/locations/us-central1/builds/8e3d6aa3-d0fe-46ba-831e-2a552b115a97"}}
[debug] [2025-11-01T14:30:28.194Z] [update-default-us-central1-sendNewPrayerNotification] Retrying task index 0
[debug] [2025-11-01T14:30:28.194Z] Checked if tokens are valid: true, expires at: 1762011011448
[debug] [2025-11-01T14:30:28.194Z] Checked if tokens are valid: true, expires at: 1762011011448
[debug] [2025-11-01T14:30:28.195Z] >>> [apiv2][query] GET https://cloudfunctions.googleapis.com/v1/operations/dGhlYnVzeWNocmlzdGlhbi1hcHAvdXMtY2VudHJhbDEvc2VuZE5ld1ByYXllck5vdGlmaWNhdGlvbi9MaV9hRU1sMmp3WQ [none]
[debug] [2025-11-01T14:30:28.324Z] <<< [apiv2][status] GET https://cloudfunctions.googleapis.com/v1/operations/dGhlYnVzeWNocmlzdGlhbi1hcHAvdXMtY2VudHJhbDEvc2VuZE5ld1ByYXllck5vdGlmaWNhdGlvbi9MaV9hRU1sMmp3WQ 200
[debug] [2025-11-01T14:30:28.324Z] <<< [apiv2][body] GET https://cloudfunctions.googleapis.com/v1/operations/dGhlYnVzeWNocmlzdGlhbi1hcHAvdXMtY2VudHJhbDEvc2VuZE5ld1ByYXllck5vdGlmaWNhdGlvbi9MaV9hRU1sMmp3WQ {"name":"operations/dGhlYnVzeWNocmlzdGlhbi1hcHAvdXMtY2VudHJhbDEvc2VuZE5ld1ByYXllck5vdGlmaWNhdGlvbi9MaV9hRU1sMmp3WQ","metadata":{"@type":"type.googleapis.com/google.cloud.functions.v1.OperationMetadataV1","target":"projects/thebusychristian-app/locations/us-central1/functions/sendNewPrayerNotification","type":"UPDATE_FUNCTION","request":{"@type":"type.googleapis.com/google.cloud.functions.v1.CloudFunction","name":"projects/thebusychristian-app/locations/us-central1/functions/sendNewPrayerNotification","eventTrigger":{"eventType":"providers/cloud.firestore/eventTypes/document.create","resource":"projects/thebusychristian-app/databases/(default)/documents/prayer_requests/{requestId}","service":"firestore.googleapis.com"},"status":"ACTIVE","entryPoint":"sendNewPrayerNotification","updateTime":"2025-10-31T22:32:23.906Z","versionId":"1","labels":{"deployment-tool":"cli-firebase","firebase-functions-hash":"493f8f9f5038073f2b889fc5528ccf258ed5066e"},"sourceUploadUrl":"https://storage.googleapis.com/uploads-484571727081.us-central1.cloudfunctions.appspot.com/a3da39d6-5224-4df6-b7d3-984cd214976f.zip?GoogleAccessId=service-689195108551@gcf-admin-robot.iam.gserviceaccount.com&Expires=1762009223&Signature=botrBgtIJvdGp0KcLYEQDcGG%2BGwZamyWTOmN3COuaYKXzoZ2WCyuH%2Bl2ComYWybV45g9yuAjctHVd3yojHnFBvOw4L6PxTlfaKqSvcodhXxz6uXa7eZbzUeGW4YfoQOtlFLAO8OKRALLQf75CPjYCVKAftqbcA1zC8lkQbcZStEew2cIDhK9iYK8Q%2F%2F%2B45dl5ArnuZuO9D%2BdPiq9CnlgRk5NH1HFwRANrAgc4NPLRKrvcQ0w4fpAjELScygQnyXwEehgx1BqNsMuDKL1kDYXRBz26WRAUsYmEw7HhXPtghXNqmy6KWmIpdYnzPjCOzMPlFutcFGKGLDXreWac1gw8Q%3D%3D","environmentVariables":{"FIREBASE_CONFIG":"{\"projectId\":\"thebusychristian-app\",\"storageBucket\":\"thebusychristian-app.firebasestorage.app\"}","GCLOUD_PROJECT":"thebusychristian-app","EVENTARC_CLOUD_EVENT_SOURCE":"projects/thebusychristian-app/locations/us-central1/functions/sendNewPrayerNotification"},"runtime":"nodejs20","buildId":"10bab79b-f28a-47e9-a2d0-697df86f4bba","buildEnvironmentVariables":{"GOOGLE_NODE_RUN_SCRIPTS":""},"buildName":"projects/689195108551/locations/us-central1/builds/10bab79b-f28a-47e9-a2d0-697df86f4bba","dockerRegistry":"ARTIFACT_REGISTRY","automaticUpdatePolicy":{},"buildServiceAccount":"projects/thebusychristian-app/serviceAccounts/689195108551-compute@developer.gserviceaccount.com"},"versionId":"2","updateTime":"2025-11-01T14:30:24Z","buildId":"8e3d6aa3-d0fe-46ba-831e-2a552b115a97","buildName":"projects/689195108551/locations/us-central1/builds/8e3d6aa3-d0fe-46ba-831e-2a552b115a97"}}
[debug] [2025-11-01T14:30:32.331Z] [update-default-us-central1-sendNewPrayerNotification] Retrying task index 0
[debug] [2025-11-01T14:30:32.331Z] Checked if tokens are valid: true, expires at: 1762011011448
[debug] [2025-11-01T14:30:32.331Z] Checked if tokens are valid: true, expires at: 1762011011448
[debug] [2025-11-01T14:30:32.332Z] >>> [apiv2][query] GET https://cloudfunctions.googleapis.com/v1/operations/dGhlYnVzeWNocmlzdGlhbi1hcHAvdXMtY2VudHJhbDEvc2VuZE5ld1ByYXllck5vdGlmaWNhdGlvbi9MaV9hRU1sMmp3WQ [none]
[debug] [2025-11-01T14:30:32.454Z] <<< [apiv2][status] GET https://cloudfunctions.googleapis.com/v1/operations/dGhlYnVzeWNocmlzdGlhbi1hcHAvdXMtY2VudHJhbDEvc2VuZE5ld1ByYXllck5vdGlmaWNhdGlvbi9MaV9hRU1sMmp3WQ 200
[debug] [2025-11-01T14:30:32.455Z] <<< [apiv2][body] GET https://cloudfunctions.googleapis.com/v1/operations/dGhlYnVzeWNocmlzdGlhbi1hcHAvdXMtY2VudHJhbDEvc2VuZE5ld1ByYXllck5vdGlmaWNhdGlvbi9MaV9hRU1sMmp3WQ {"name":"operations/dGhlYnVzeWNocmlzdGlhbi1hcHAvdXMtY2VudHJhbDEvc2VuZE5ld1ByYXllck5vdGlmaWNhdGlvbi9MaV9hRU1sMmp3WQ","metadata":{"@type":"type.googleapis.com/google.cloud.functions.v1.OperationMetadataV1","target":"projects/thebusychristian-app/locations/us-central1/functions/sendNewPrayerNotification","type":"UPDATE_FUNCTION","request":{"@type":"type.googleapis.com/google.cloud.functions.v1.CloudFunction","name":"projects/thebusychristian-app/locations/us-central1/functions/sendNewPrayerNotification","eventTrigger":{"eventType":"providers/cloud.firestore/eventTypes/document.create","resource":"projects/thebusychristian-app/databases/(default)/documents/prayer_requests/{requestId}","service":"firestore.googleapis.com"},"status":"ACTIVE","entryPoint":"sendNewPrayerNotification","updateTime":"2025-10-31T22:32:23.906Z","versionId":"1","labels":{"deployment-tool":"cli-firebase","firebase-functions-hash":"493f8f9f5038073f2b889fc5528ccf258ed5066e"},"sourceUploadUrl":"https://storage.googleapis.com/uploads-484571727081.us-central1.cloudfunctions.appspot.com/a3da39d6-5224-4df6-b7d3-984cd214976f.zip?GoogleAccessId=service-689195108551@gcf-admin-robot.iam.gserviceaccount.com&Expires=1762009223&Signature=botrBgtIJvdGp0KcLYEQDcGG%2BGwZamyWTOmN3COuaYKXzoZ2WCyuH%2Bl2ComYWybV45g9yuAjctHVd3yojHnFBvOw4L6PxTlfaKqSvcodhXxz6uXa7eZbzUeGW4YfoQOtlFLAO8OKRALLQf75CPjYCVKAftqbcA1zC8lkQbcZStEew2cIDhK9iYK8Q%2F%2F%2B45dl5ArnuZuO9D%2BdPiq9CnlgRk5NH1HFwRANrAgc4NPLRKrvcQ0w4fpAjELScygQnyXwEehgx1BqNsMuDKL1kDYXRBz26WRAUsYmEw7HhXPtghXNqmy6KWmIpdYnzPjCOzMPlFutcFGKGLDXreWac1gw8Q%3D%3D","environmentVariables":{"FIREBASE_CONFIG":"{\"projectId\":\"thebusychristian-app\",\"storageBucket\":\"thebusychristian-app.firebasestorage.app\"}","GCLOUD_PROJECT":"thebusychristian-app","EVENTARC_CLOUD_EVENT_SOURCE":"projects/thebusychristian-app/locations/us-central1/functions/sendNewPrayerNotification"},"runtime":"nodejs20","buildId":"10bab79b-f28a-47e9-a2d0-697df86f4bba","buildEnvironmentVariables":{"GOOGLE_NODE_RUN_SCRIPTS":""},"buildName":"projects/689195108551/locations/us-central1/builds/10bab79b-f28a-47e9-a2d0-697df86f4bba","dockerRegistry":"ARTIFACT_REGISTRY","automaticUpdatePolicy":{},"buildServiceAccount":"projects/thebusychristian-app/serviceAccounts/689195108551-compute@developer.gserviceaccount.com"},"versionId":"2","updateTime":"2025-11-01T14:30:24Z","buildId":"8e3d6aa3-d0fe-46ba-831e-2a552b115a97","buildName":"projects/689195108551/locations/us-central1/builds/8e3d6aa3-d0fe-46ba-831e-2a552b115a97"}}
[debug] [2025-11-01T14:30:40.457Z] [update-default-us-central1-sendNewPrayerNotification] Retrying task index 0
[debug] [2025-11-01T14:30:40.457Z] Checked if tokens are valid: true, expires at: 1762011011448
[debug] [2025-11-01T14:30:40.458Z] Checked if tokens are valid: true, expires at: 1762011011448
[debug] [2025-11-01T14:30:40.458Z] >>> [apiv2][query] GET https://cloudfunctions.googleapis.com/v1/operations/dGhlYnVzeWNocmlzdGlhbi1hcHAvdXMtY2VudHJhbDEvc2VuZE5ld1ByYXllck5vdGlmaWNhdGlvbi9MaV9hRU1sMmp3WQ [none]
[debug] [2025-11-01T14:30:40.789Z] <<< [apiv2][status] GET https://cloudfunctions.googleapis.com/v1/operations/dGhlYnVzeWNocmlzdGlhbi1hcHAvdXMtY2VudHJhbDEvc2VuZE5ld1ByYXllck5vdGlmaWNhdGlvbi9MaV9hRU1sMmp3WQ 200
[debug] [2025-11-01T14:30:40.789Z] <<< [apiv2][body] GET https://cloudfunctions.googleapis.com/v1/operations/dGhlYnVzeWNocmlzdGlhbi1hcHAvdXMtY2VudHJhbDEvc2VuZE5ld1ByYXllck5vdGlmaWNhdGlvbi9MaV9hRU1sMmp3WQ {"name":"operations/dGhlYnVzeWNocmlzdGlhbi1hcHAvdXMtY2VudHJhbDEvc2VuZE5ld1ByYXllck5vdGlmaWNhdGlvbi9MaV9hRU1sMmp3WQ","metadata":{"@type":"type.googleapis.com/google.cloud.functions.v1.OperationMetadataV1","target":"projects/thebusychristian-app/locations/us-central1/functions/sendNewPrayerNotification","type":"UPDATE_FUNCTION","request":{"@type":"type.googleapis.com/google.cloud.functions.v1.CloudFunction","name":"projects/thebusychristian-app/locations/us-central1/functions/sendNewPrayerNotification","eventTrigger":{"eventType":"providers/cloud.firestore/eventTypes/document.create","resource":"projects/thebusychristian-app/databases/(default)/documents/prayer_requests/{requestId}","service":"firestore.googleapis.com"},"status":"ACTIVE","entryPoint":"sendNewPrayerNotification","updateTime":"2025-10-31T22:32:23.906Z","versionId":"1","labels":{"deployment-tool":"cli-firebase","firebase-functions-hash":"493f8f9f5038073f2b889fc5528ccf258ed5066e"},"sourceUploadUrl":"https://storage.googleapis.com/uploads-484571727081.us-central1.cloudfunctions.appspot.com/a3da39d6-5224-4df6-b7d3-984cd214976f.zip?GoogleAccessId=service-689195108551@gcf-admin-robot.iam.gserviceaccount.com&Expires=1762009223&Signature=botrBgtIJvdGp0KcLYEQDcGG%2BGwZamyWTOmN3COuaYKXzoZ2WCyuH%2Bl2ComYWybV45g9yuAjctHVd3yojHnFBvOw4L6PxTlfaKqSvcodhXxz6uXa7eZbzUeGW4YfoQOtlFLAO8OKRALLQf75CPjYCVKAftqbcA1zC8lkQbcZStEew2cIDhK9iYK8Q%2F%2F%2B45dl5ArnuZuO9D%2BdPiq9CnlgRk5NH1HFwRANrAgc4NPLRKrvcQ0w4fpAjELScygQnyXwEehgx1BqNsMuDKL1kDYXRBz26WRAUsYmEw7HhXPtghXNqmy6KWmIpdYnzPjCOzMPlFutcFGKGLDXreWac1gw8Q%3D%3D","environmentVariables":{"FIREBASE_CONFIG":"{\"projectId\":\"thebusychristian-app\",\"storageBucket\":\"thebusychristian-app.firebasestorage.app\"}","GCLOUD_PROJECT":"thebusychristian-app","EVENTARC_CLOUD_EVENT_SOURCE":"projects/thebusychristian-app/locations/us-central1/functions/sendNewPrayerNotification"},"runtime":"nodejs20","buildId":"10bab79b-f28a-47e9-a2d0-697df86f4bba","buildEnvironmentVariables":{"GOOGLE_NODE_RUN_SCRIPTS":""},"buildName":"projects/689195108551/locations/us-central1/builds/10bab79b-f28a-47e9-a2d0-697df86f4bba","dockerRegistry":"ARTIFACT_REGISTRY","automaticUpdatePolicy":{},"buildServiceAccount":"projects/thebusychristian-app/serviceAccounts/689195108551-compute@developer.gserviceaccount.com"},"versionId":"2","updateTime":"2025-11-01T14:30:24Z","buildId":"8e3d6aa3-d0fe-46ba-831e-2a552b115a97","buildName":"projects/689195108551/locations/us-central1/builds/8e3d6aa3-d0fe-46ba-831e-2a552b115a97"}}
[debug] [2025-11-01T14:30:50.791Z] [update-default-us-central1-sendNewPrayerNotification] Retrying task index 0
[debug] [2025-11-01T14:30:50.791Z] Checked if tokens are valid: true, expires at: 1762011011448
[debug] [2025-11-01T14:30:50.792Z] Checked if tokens are valid: true, expires at: 1762011011448
[debug] [2025-11-01T14:30:50.792Z] >>> [apiv2][query] GET https://cloudfunctions.googleapis.com/v1/operations/dGhlYnVzeWNocmlzdGlhbi1hcHAvdXMtY2VudHJhbDEvc2VuZE5ld1ByYXllck5vdGlmaWNhdGlvbi9MaV9hRU1sMmp3WQ [none]
[debug] [2025-11-01T14:30:51.184Z] <<< [apiv2][status] GET https://cloudfunctions.googleapis.com/v1/operations/dGhlYnVzeWNocmlzdGlhbi1hcHAvdXMtY2VudHJhbDEvc2VuZE5ld1ByYXllck5vdGlmaWNhdGlvbi9MaV9hRU1sMmp3WQ 200
[debug] [2025-11-01T14:30:51.184Z] <<< [apiv2][body] GET https://cloudfunctions.googleapis.com/v1/operations/dGhlYnVzeWNocmlzdGlhbi1hcHAvdXMtY2VudHJhbDEvc2VuZE5ld1ByYXllck5vdGlmaWNhdGlvbi9MaV9hRU1sMmp3WQ {"name":"operations/dGhlYnVzeWNocmlzdGlhbi1hcHAvdXMtY2VudHJhbDEvc2VuZE5ld1ByYXllck5vdGlmaWNhdGlvbi9MaV9hRU1sMmp3WQ","metadata":{"@type":"type.googleapis.com/google.cloud.functions.v1.OperationMetadataV1","target":"projects/thebusychristian-app/locations/us-central1/functions/sendNewPrayerNotification","type":"UPDATE_FUNCTION","request":{"@type":"type.googleapis.com/google.cloud.functions.v1.CloudFunction","name":"projects/thebusychristian-app/locations/us-central1/functions/sendNewPrayerNotification","eventTrigger":{"eventType":"providers/cloud.firestore/eventTypes/document.create","resource":"projects/thebusychristian-app/databases/(default)/documents/prayer_requests/{requestId}","service":"firestore.googleapis.com"},"status":"ACTIVE","entryPoint":"sendNewPrayerNotification","updateTime":"2025-10-31T22:32:23.906Z","versionId":"1","labels":{"deployment-tool":"cli-firebase","firebase-functions-hash":"493f8f9f5038073f2b889fc5528ccf258ed5066e"},"sourceUploadUrl":"https://storage.googleapis.com/uploads-484571727081.us-central1.cloudfunctions.appspot.com/a3da39d6-5224-4df6-b7d3-984cd214976f.zip?GoogleAccessId=service-689195108551@gcf-admin-robot.iam.gserviceaccount.com&Expires=1762009223&Signature=botrBgtIJvdGp0KcLYEQDcGG%2BGwZamyWTOmN3COuaYKXzoZ2WCyuH%2Bl2ComYWybV45g9yuAjctHVd3yojHnFBvOw4L6PxTlfaKqSvcodhXxz6uXa7eZbzUeGW4YfoQOtlFLAO8OKRALLQf75CPjYCVKAftqbcA1zC8lkQbcZStEew2cIDhK9iYK8Q%2F%2F%2B45dl5ArnuZuO9D%2BdPiq9CnlgRk5NH1HFwRANrAgc4NPLRKrvcQ0w4fpAjELScygQnyXwEehgx1BqNsMuDKL1kDYXRBz26WRAUsYmEw7HhXPtghXNqmy6KWmIpdYnzPjCOzMPlFutcFGKGLDXreWac1gw8Q%3D%3D","environmentVariables":{"FIREBASE_CONFIG":"{\"projectId\":\"thebusychristian-app\",\"storageBucket\":\"thebusychristian-app.firebasestorage.app\"}","GCLOUD_PROJECT":"thebusychristian-app","EVENTARC_CLOUD_EVENT_SOURCE":"projects/thebusychristian-app/locations/us-central1/functions/sendNewPrayerNotification"},"runtime":"nodejs20","buildId":"10bab79b-f28a-47e9-a2d0-697df86f4bba","buildEnvironmentVariables":{"GOOGLE_NODE_RUN_SCRIPTS":""},"buildName":"projects/689195108551/locations/us-central1/builds/10bab79b-f28a-47e9-a2d0-697df86f4bba","dockerRegistry":"ARTIFACT_REGISTRY","automaticUpdatePolicy":{},"buildServiceAccount":"projects/thebusychristian-app/serviceAccounts/689195108551-compute@developer.gserviceaccount.com"},"versionId":"2","updateTime":"2025-11-01T14:30:24Z","buildId":"8e3d6aa3-d0fe-46ba-831e-2a552b115a97","buildName":"projects/689195108551/locations/us-central1/builds/8e3d6aa3-d0fe-46ba-831e-2a552b115a97"}}
